<?xml version="1.0" encoding="UTF-8" standalone="yes" ?>
<test-results name="D:\code\awesome-pascal\OasisPluginFramework\test\Win32\Debug\Test.exe" total="3" errors="0" failures="0" ignored="0" inconclusive="0" not-run="0" skipped="0" invalid="0" date="2024-10-09" time="0.001">
  <culture-info current-culture="en" current-uiculture="en" />
  <test-suite type="Assembly" name="Test.exe" executed="true" result="Success" success="True" time="0.001" asserts="0">
    <results>
        <test-suite type="Namespace" name="DependcyTest" executed="true" result="Success" success="True" time="0.001" asserts="0" >
          <results>
              <test-suite type="Fixture" name="DependencyTest" executed="True" result="Success" success="True" time="0.001" >
                <results>
                  <test-case name="Test1" executed="True" result="Success" success="True" time="0.000" asserts="0" />
                  <test-case name="Test2.Test 1 + 2" executed="True" result="Success" success="True" time="0.000" asserts="0" />
                  <test-case name="Test2.Test 3 + 4" executed="True" result="Success" success="True" time="0.000" asserts="0" />
                </results>
              </test-suite>
          </results>
        </test-suite>
    </results>
  </test-suite>
</test-results>
